<?xml version="1.0" encoding="UTF-8" ?>
<testsuite errors="0" failures="0" hostname="Tians-MacBook-Pro.local" name="testing.AllTests" skipped="0" tests="20" time="5.065" timestamp="2020-08-20T00:59:11">
  <properties>
    <property name="java.vendor" value="Oracle Corporation" />
    <property name="sun.java.launcher" value="SUN_STANDARD" />
    <property name="env.XPC_SERVICE_NAME" value="org.eclipse.platform.ide.13396" />
    <property name="eclipse.pdebuild.templates" value="/Applications/Eclipse.app/Contents/Eclipse/../../../../Users/tian/.p2/pool/plugins/org.eclipse.pde.build_3.10.800.v20200410-1419/templates" />
    <property name="sun.management.compiler" value="HotSpot 64-Bit Tiered Compilers" />
    <property name="os.name" value="Mac OS X" />
    <property name="sun.boot.class.path" value="/Library/Java/JavaVirtualMachines/jdk1.8.0_241.jdk/Contents/Home/jre/lib/resources.jar:/Library/Java/JavaVirtualMachines/jdk1.8.0_241.jdk/Contents/Home/jre/lib/rt.jar:/Library/Java/JavaVirtualMachines/jdk1.8.0_241.jdk/Contents/Home/jre/lib/sunrsasign.jar:/Library/Java/JavaVirtualMachines/jdk1.8.0_241.jdk/Contents/Home/jre/lib/jsse.jar:/Library/Java/JavaVirtualMachines/jdk1.8.0_241.jdk/Contents/Home/jre/lib/jce.jar:/Library/Java/JavaVirtualMachines/jdk1.8.0_241.jdk/Contents/Home/jre/lib/charsets.jar:/Library/Java/JavaVirtualMachines/jdk1.8.0_241.jdk/Contents/Home/jre/lib/jfr.jar:/Library/Java/JavaVirtualMachines/jdk1.8.0_241.jdk/Contents/Home/jre/classes" />
    <property name="env.TMPDIR" value="/var/folders/vq/b9qk1_q968s4lzcmdfpxpwg00000gn/T/" />
    <property name="ant.file.PlanIt_DoIt" value="/Users/tian/Dev/307/Plan-It-Do-It.git/trunk/build.xml" />
    <property name="env.JAVA_STARTED_ON_FIRST_THREAD_36904" value="1" />
    <property name="java.vm.specification.vendor" value="Oracle Corporation" />
    <property name="ant.home" value="/Users/tian/.p2/pool/plugins/org.apache.ant_1.10.8.v20200515-1239" />
    <property name="java.runtime.version" value="1.8.0_241-b07" />
    <property name="user.name" value="tian" />
    <property name="env.USER" value="tian" />
    <property name="env.SHELL" value="/bin/bash" />
    <property name="env.__CF_USER_TEXT_ENCODING" value="0x1F5:0x0:0x0" />
    <property name="ant.file.type.PlanIt_DoIt" value="file" />
    <property name="env.PATH" value="/usr/bin:/bin:/usr/sbin:/sbin" />
    <property name="user.language" value="en" />
    <property name="sun.boot.library.path" value="/Library/Java/JavaVirtualMachines/jdk1.8.0_241.jdk/Contents/Home/jre/lib" />
    <property name="ant.project.default-target" value="build" />
    <property name="env.JAVA_MAIN_CLASS_36904" value="org.eclipse.ant.internal.launching.remote.InternalAntRunner" />
    <property name="env.XPC_FLAGS" value="0x0" />
    <property name="ant.project.name" value="PlanIt_DoIt" />
    <property name="java.version" value="1.8.0_241" />
    <property name="user.timezone" value="" />
    <property name="sun.arch.data.model" value="64" />
    <property name="http.nonProxyHosts" value="local|*.local|169.254/16|*.169.254/16" />
    <property name="java.endorsed.dirs" value="/Library/Java/JavaVirtualMachines/jdk1.8.0_241.jdk/Contents/Home/jre/lib/endorsed" />
    <property name="sun.cpu.isalist" value="" />
    <property name="sun.jnu.encoding" value="UTF-8" />
    <property name="file.encoding.pkg" value="sun.io" />
    <property name="ECLIPSE_HOME" value="../../../../../../Applications/Eclipse.app/Contents/Eclipse/" />
    <property name="file.separator" value="/" />
    <property name="java.specification.name" value="Java Platform API Specification" />
    <property name="java.class.version" value="52.0" />
    <property name="user.country" value="US" />
    <property name="java.home" value="/Library/Java/JavaVirtualMachines/jdk1.8.0_241.jdk/Contents/Home/jre" />
    <property name="java.vm.info" value="mixed mode" />
    <property name="env.LOGNAME" value="tian" />
    <property name="ant.file" value="/Users/tian/Dev/307/Plan-It-Do-It.git/trunk/build.xml" />
    <property name="os.version" value="10.15.6" />
    <property name="path.separator" value=":" />
    <property name="java.vm.version" value="25.241-b07" />
    <property name="ant.library.dir" value="/Users/tian/.p2/pool/plugins/org.apache.ant_1.10.8.v20200515-1239/lib" />
    <property name="junit.output.dir" value="junit" />
    <property name="java.awt.printerjob" value="sun.lwawt.macosx.CPrinterJob" />
    <property name="sun.io.unicode.encoding" value="UnicodeBig" />
    <property name="awt.toolkit" value="sun.lwawt.macosx.LWCToolkit" />
    <property name="socksNonProxyHosts" value="local|*.local|169.254/16|*.169.254/16" />
    <property name="ftp.nonProxyHosts" value="local|*.local|169.254/16|*.169.254/16" />
    <property name="eclipse.pdebuild.scripts" value="/Applications/Eclipse.app/Contents/Eclipse/../../../../Users/tian/.p2/pool/plugins/org.eclipse.pde.build_3.10.800.v20200410-1419/scripts" />
    <property name="user.home" value="/Users/tian" />
    <property name="target" value="1.8" />
    <property name="java.specification.vendor" value="Oracle Corporation" />
    <property name="java.library.path" value="/Users/tian/Library/Java/Extensions:/Library/Java/Extensions:/Network/Library/Java/Extensions:/System/Library/Java/Extensions:/usr/lib/java:." />
    <property name="java.vendor.url" value="http://java.oracle.com/" />
    <property name="java.vm.vendor" value="Oracle Corporation" />
    <property name="gopherProxySet" value="false" />
    <property name="java.runtime.name" value="Java(TM) SE Runtime Environment" />
    <property name="sun.java.command" value="org.apache.tools.ant.taskdefs.optional.junit.JUnitTestRunner testing.AllTests skipNonTests=false filtertrace=true haltOnError=false haltOnFailure=false formatter=org.apache.tools.ant.taskdefs.optional.junit.OutErrSummaryJUnitResultFormatter showoutput=false outputtoformatters=true logfailedtests=true threadid=0 logtestlistenerevents=false formatter=org.apache.tools.ant.taskdefs.optional.junit.XMLJUnitResultFormatter,/Users/tian/Dev/307/Plan-It-Do-It.git/trunk/junit/TEST-testing.AllTests.xml crashfile=/Users/tian/Dev/307/Plan-It-Do-It.git/trunk/junitvmwatcher8971534873376807520.properties propsfile=/Users/tian/Dev/307/Plan-It-Do-It.git/trunk/junit5061554725790649919.properties" />
    <property name="java.class.path" value="/Users/tian/Dev/307/Plan-It-Do-It.git/trunk/bin:/Users/tian/.p2/pool/plugins/org.eclipse.fx.ide.css.jfx8_2.3.0.201603030809.jar:/Users/tian/Dev/307/Plan-It-Do-It.git/trunk/lib/hamcrest-core-1.3.jar:/Users/tian/Dev/307/Plan-It-Do-It.git/trunk/lib/junit-4.13.jar:/Users/tian/.p2/pool/plugins/org.apache.ant_1.10.8.v20200515-1239/lib/ant-launcher.jar:/Users/tian/.p2/pool/plugins/org.apache.ant_1.10.8.v20200515-1239/lib/ant.jar:/Users/tian/.p2/pool/plugins/org.apache.ant_1.10.8.v20200515-1239/lib/ant-junit.jar:/Users/tian/.p2/pool/plugins/org.apache.ant_1.10.8.v20200515-1239/lib/ant-junit4.jar" />
    <property name="ant.version" value="Apache Ant(TM) version 1.10.8 compiled on May 10 2020" />
    <property name="java.vm.specification.name" value="Java Virtual Machine Specification" />
    <property name="java.vm.specification.version" value="1.8" />
    <property name="sun.cpu.endian" value="little" />
    <property name="sun.os.patch.level" value="unknown" />
    <property name="env.APP_ICON_36591" value="../Resources/Eclipse.icns" />
    <property name="debuglevel" value="source,lines,vars" />
    <property name="env.HOME" value="/Users/tian" />
    <property name="env.ANT_HOME" value="/Users/tian/.p2/pool/plugins/org.apache.ant_1.10.8.v20200515-1239" />
    <property name="java.io.tmpdir" value="/var/folders/vq/b9qk1_q968s4lzcmdfpxpwg00000gn/T/" />
    <property name="eclipse.pdebuild.home" value="/Applications/Eclipse.app/Contents/Eclipse/../../../../Users/tian/.p2/pool/plugins/org.eclipse.pde.build_3.10.800.v20200410-1419/." />
    <property name="java.vendor.url.bug" value="http://bugreport.sun.com/bugreport/" />
    <property name="env.SSH_AUTH_SOCK" value="/private/tmp/com.apple.launchd.aZXyRwOejE/Listeners" />
    <property name="env.JAVA_STARTED_ON_FIRST_THREAD_36591" value="1" />
    <property name="java.awt.graphicsenv" value="sun.awt.CGraphicsEnvironment" />
    <property name="os.arch" value="x86_64" />
    <property name="java.ext.dirs" value="/Users/tian/Library/Java/Extensions:/Library/Java/JavaVirtualMachines/jdk1.8.0_241.jdk/Contents/Home/jre/lib/ext:/Library/Java/Extensions:/Network/Library/Java/Extensions:/System/Library/Java/Extensions:/usr/lib/java" />
    <property name="user.dir" value="/Users/tian/Dev/307/Plan-It-Do-It.git/trunk" />
    <property name="line.separator" value="&#xa;" />
    <property name="java.vm.name" value="Java HotSpot(TM) 64-Bit Server VM" />
    <property name="basedir" value="/Users/tian/Dev/307/Plan-It-Do-It.git/trunk" />
    <property name="ant.java.version" value="1.8" />
    <property name="ant.core.lib" value="/Users/tian/.p2/pool/plugins/org.apache.ant_1.10.8.v20200515-1239/lib/ant.jar" />
    <property name="source" value="1.8" />
    <property name="file.encoding" value="UTF-8" />
    <property name="java.specification.version" value="1.8" />
    <property name="ant.project.invoked-targets" value="cleanall,build,AllTests (4)" />
  </properties>
  <testcase classname="testing.TaskComparatorTest" name="testUneqPriority" time="0.016" />
  <testcase classname="testing.TaskComparatorTest" name="testEqPriority" time="0.0" />
  <testcase classname="testing.TaskTest" name="testAddWorkHrs" time="0.0" />
  <testcase classname="testing.TaskTest" name="testRepeatPeriod" time="0.0" />
  <testcase classname="testing.TaskTest" name="testName" time="0.0" />
  <testcase classname="testing.TaskTest" name="testUrgency" time="0.0" />
  <testcase classname="testing.TaskTest" name="testPriority" time="0.0" />
  <testcase classname="testing.TaskTest" name="testIsActive" time="0.0" />
  <testcase classname="testing.TaskTest" name="testCategory" time="0.001" />
  <testcase classname="testing.TaskTest" name="testDetails" time="0.0" />
  <testcase classname="testing.TaskTest" name="testDeadline" time="0.0" />
  <testcase classname="testing.UserTest" name="testHistSplit" time="0.0" />
  <testcase classname="testing.UserTest" name="testAddTasks" time="0.001" />
  <testcase classname="testing.UserTest" name="testCategories" time="0.0" />
  <testcase classname="testing.UserTest" name="testFinishTasks" time="0.001" />
  <testcase classname="testing.UserTest" name="testWorkDist" time="0.0" />
  <testcase classname="testing.UserTest" name="testWorkHist" time="0.001" />
  <testcase classname="testing.UserTest" name="testWorkHrs" time="0.0" />
  <testcase classname="testing.UserTest" name="testFinishTasksOverflow" time="0.0" />
  <testcase classname="testing.UserTest" name="testUpdate" time="0.001" />
  <system-out><![CDATA[]]></system-out>
  <system-err><![CDATA[]]></system-err>
</testsuite>
